<?xml version="1.0" encoding="UTF-8"?>
<testng-results total="1" passed="1" failed="0" skipped="0">
  <reporter-output>
  </reporter-output>
  <suite started-at="2021-11-07T14:41:36Z" name="Default suite" finished-at="2021-11-07T14:41:40Z" duration-ms="4040">
    <groups>
      <group name="Navigation">
        <method signature="SauceNavigationTest.verifyUserCanNavigateToProductDetailPageFromHomePage()[pri:0, instance:com.automation.tests.SauceNavigationTest@5b1669c0]" name="verifyUserCanNavigateToProductDetailPageFromHomePage" class="com.automation.tests.SauceNavigationTest"/>
      </group> <!-- Navigation -->
      <group name="Smoke">
        <method signature="SauceNavigationTest.verifyUserCanNavigateToProductDetailPageFromHomePage()[pri:0, instance:com.automation.tests.SauceNavigationTest@5b1669c0]" name="verifyUserCanNavigateToProductDetailPageFromHomePage" class="com.automation.tests.SauceNavigationTest"/>
      </group> <!-- Smoke -->
      <group name="Chirag">
        <method signature="SauceNavigationTest.verifyUserCanNavigateToProductDetailPageFromHomePage()[pri:0, instance:com.automation.tests.SauceNavigationTest@5b1669c0]" name="verifyUserCanNavigateToProductDetailPageFromHomePage" class="com.automation.tests.SauceNavigationTest"/>
      </group> <!-- Chirag -->
    </groups>
    <test started-at="2021-11-07T14:41:36Z" name="Default test" finished-at="2021-11-07T14:41:40Z" duration-ms="4040">
      <class name="com.automation.tests.SauceNavigationTest">
        <test-method is-config="true" signature="setUp()[pri:0, instance:com.automation.tests.SauceNavigationTest@5b1669c0]" started-at="2021-11-07T17:41:36Z" name="setUp" finished-at="2021-11-07T17:41:39Z" duration-ms="2746" status="PASS">
          <reporter-output>
          </reporter-output>
        </test-method> <!-- setUp -->
        <test-method signature="verifyUserCanNavigateToProductDetailPageFromHomePage()[pri:0, instance:com.automation.tests.SauceNavigationTest@5b1669c0]" started-at="2021-11-07T17:41:39Z" name="verifyUserCanNavigateToProductDetailPageFromHomePage" finished-at="2021-11-07T17:41:40Z" duration-ms="1200" status="PASS">
          <reporter-output>
          </reporter-output>
        </test-method> <!-- verifyUserCanNavigateToProductDetailPageFromHomePage -->
        <test-method is-config="true" signature="cleanUp()[pri:0, instance:com.automation.tests.SauceNavigationTest@5b1669c0]" started-at="2021-11-07T17:41:40Z" name="cleanUp" finished-at="2021-11-07T17:41:40Z" duration-ms="82" status="PASS">
          <reporter-output>
          </reporter-output>
        </test-method> <!-- cleanUp -->
      </class> <!-- com.automation.tests.SauceNavigationTest -->
    </test> <!-- Default test -->
  </suite> <!-- Default suite -->
</testng-results>
